<?xml version="1.0" encoding="UTF-8"?>
<!-- Generated by org.testng.reporters.JUnitReportReporter -->
<testsuite hostname="DESKTOP-P7ER7T8" failures="0" tests="3" name="GroupDemo.GroupDemo" time="0.005" errors="0" timestamp="2022-02-11T21:55:15 IST" skipped="0">
  <testcase classname="GroupDemo.GroupDemo" name="demoGroup2" time="0.001"/>
  <system-out/>
  <testcase classname="GroupDemo.GroupDemo" name="demoGroup4" time="0.000"/>
  <system-out/>
  <testcase classname="GroupDemo.GroupDemo" name="demoGroup1" time="0.004"/>
  <system-out/>
</testsuite> <!-- GroupDemo.GroupDemo -->
