<?xml version="1.0" encoding="UTF-8"?>
<!-- Generated by org.testng.reporters.JUnitReportReporter -->
<testsuite hostname="DESKTOP-P7ER7T8" failures="0" tests="1" name="CrossBrowserTesting.Browser" time="5.594" errors="0" timestamp="2022-02-11T16:26:35 IST" skipped="0">
  <testcase classname="CrossBrowserTesting.Browser" name="ChooseBrowser" time="5.594"/>
  <system-out/>
</testsuite> <!-- CrossBrowserTesting.Browser -->
