<?xml version="1.0" encoding="UTF-8"?>
<!-- Generated by org.testng.reporters.JUnitReportReporter -->
<testsuite hostname="DESKTOP-P7ER7T8" failures="0" tests="1" name="EnableDemo.Enable_Demoooo" time="0.015" errors="0" timestamp="2022-02-12T08:14:43 IST" skipped="0">
  <testcase classname="EnableDemo.Enable_Demoooo" name="M1" time="0.015"/>
  <system-out/>
</testsuite> <!-- EnableDemo.Enable_Demoooo -->
