<?xml version="1.0" encoding="UTF-8"?>
<!-- Generated by org.testng.reporters.JUnitReportReporter -->
<testsuite hostname="DESKTOP-P7ER7T8" failures="0" tests="2" name="Parallel_Execution.ParallelExecution" time="12.867" errors="0" timestamp="2022-02-15T12:31:11 IST" skipped="0">
  <testcase classname="Parallel_Execution.ParallelExecution" name="OpenFB" time="6.151"/>
  <system-out/>
  <testcase classname="Parallel_Execution.ParallelExecution" name="OpenGoogle" time="6.716"/>
  <system-out/>
</testsuite> <!-- Parallel_Execution.ParallelExecution -->
